
*** Running vivado
    with args -log top.vds -m64 -product Vivado -mode batch -messageDb vivado.pb -notrace -source top.tcl



****** Vivado v2022.1 (64-bit)
  **** SW Build 3526262 on Mon Apr 18 15:48:16 MDT 2022
  **** IP Build 3524634 on Mon Apr 18 20:55:01 MDT 2022
    ** Copyright 1986-2022 Xilinx, Inc. All Rights Reserved.

source top.tcl -notrace
create_project: Time (s): cpu = 00:00:06 ; elapsed = 00:00:14 . Memory (MB): peak = 1275.090 ; gain = 23.875
Command: read_checkpoint -auto_incremental -incremental C:/Users/izana/Documents/GitHub/SEA/practica2/practica2.srcs/utils_1/imports/synth_1/top.dcp
INFO: [Vivado 12-5825] Read reference checkpoint from C:/Users/izana/Documents/GitHub/SEA/practica2/practica2.srcs/utils_1/imports/synth_1/top.dcp for incremental synthesis
INFO: [Vivado 12-7989] Please ensure there are no constraint changes
Command: synth_design -top top -part xc7z010clg400-1
Starting synth_design
Attempting to get a license for feature 'Synthesis' and/or device 'xc7z010'
INFO: [Common 17-349] Got license for feature 'Synthesis' and/or device 'xc7z010'
INFO: [Device 21-403] Loading part xc7z010clg400-1
INFO: [Designutils 20-5440] No compile time benefit to using incremental synthesis; A full resynthesis will be run
INFO: [Designutils 20-4379] Flow is switching to default flow due to incremental criteria not met. If you would like to alter this behaviour and have the flow terminate instead, please set the following parameter config_implementation {autoIncr.Synth.RejectBehavior Terminate}
INFO: [Synth 8-7079] Multithreading enabled for synth_design using a maximum of 2 processes.
INFO: [Synth 8-7078] Launching helper process for spawning children vivado processes
INFO: [Synth 8-7075] Helper process launched with PID 21776
---------------------------------------------------------------------------------
Starting RTL Elaboration : Time (s): cpu = 00:00:07 ; elapsed = 00:00:10 . Memory (MB): peak = 1275.090 ; gain = 0.000
---------------------------------------------------------------------------------
INFO: [Synth 8-638] synthesizing module 'top' [C:/Users/izana/Documents/GitHub/SEA/practica2/practica2.srcs/sources_1/new/top.vhd:36]
	Parameter m bound to: 32 - type: integer 
INFO: [Synth 8-3491] module 'Sincronizador' declared at 'C:/Users/izana/Documents/GitHub/SEA/practica2/practica2.srcs/sources_1/imports/new/Sincronizador.vhd:24' bound to instance 'Sincronizador_reset' of component 'Sincronizador' [C:/Users/izana/Documents/GitHub/SEA/practica2/practica2.srcs/sources_1/new/top.vhd:61]
INFO: [Synth 8-638] synthesizing module 'Sincronizador' [C:/Users/izana/Documents/GitHub/SEA/practica2/practica2.srcs/sources_1/imports/new/Sincronizador.vhd:33]
	Parameter m bound to: 32 - type: integer 
	Parameter m bound to: 32 - type: integer 
INFO: [Synth 8-3491] module 'Antirrebotes' declared at 'C:/Users/izana/Documents/GitHub/SEA/practica2/practica2.srcs/sources_1/imports/new/Antirrebotes.vhd:34' bound to instance 'DB' of component 'Antirrebotes' [C:/Users/izana/Documents/GitHub/SEA/practica2/practica2.srcs/sources_1/imports/new/Sincronizador.vhd:49]
INFO: [Synth 8-638] synthesizing module 'Antirrebotes' [C:/Users/izana/Documents/GitHub/SEA/practica2/practica2.srcs/sources_1/imports/new/Antirrebotes.vhd:44]
	Parameter m bound to: 32 - type: integer 
	Parameter n bound to: 32 - type: integer 
INFO: [Synth 8-3491] module 'Reg_Des' declared at 'C:/Users/izana/Documents/GitHub/SEA/practica2/practica2.srcs/sources_1/imports/new/Reg_Des.vhd:24' bound to instance 'Registro' of component 'Reg_Des' [C:/Users/izana/Documents/GitHub/SEA/practica2/practica2.srcs/sources_1/imports/new/Antirrebotes.vhd:57]
INFO: [Synth 8-638] synthesizing module 'Reg_Des' [C:/Users/izana/Documents/GitHub/SEA/practica2/practica2.srcs/sources_1/imports/new/Reg_Des.vhd:33]
	Parameter n bound to: 32 - type: integer 
INFO: [Synth 8-256] done synthesizing module 'Reg_Des' (0#1) [C:/Users/izana/Documents/GitHub/SEA/practica2/practica2.srcs/sources_1/imports/new/Reg_Des.vhd:33]
INFO: [Synth 8-256] done synthesizing module 'Antirrebotes' (0#1) [C:/Users/izana/Documents/GitHub/SEA/practica2/practica2.srcs/sources_1/imports/new/Antirrebotes.vhd:44]
INFO: [Synth 8-3491] module 'CKE_Gen' declared at 'C:/Users/izana/Documents/GitHub/SEA/practica2/practica2.srcs/sources_1/imports/new/CKE_Gen.vhd:25' bound to instance 'CKGEN' of component 'CKE_Gen' [C:/Users/izana/Documents/GitHub/SEA/practica2/practica2.srcs/sources_1/imports/new/Sincronizador.vhd:56]
INFO: [Synth 8-638] synthesizing module 'CKE_Gen' [C:/Users/izana/Documents/GitHub/SEA/practica2/practica2.srcs/sources_1/imports/new/CKE_Gen.vhd:34]
INFO: [Synth 8-256] done synthesizing module 'CKE_Gen' (0#1) [C:/Users/izana/Documents/GitHub/SEA/practica2/practica2.srcs/sources_1/imports/new/CKE_Gen.vhd:34]
INFO: [Synth 8-256] done synthesizing module 'Sincronizador' (0#1) [C:/Users/izana/Documents/GitHub/SEA/practica2/practica2.srcs/sources_1/imports/new/Sincronizador.vhd:33]
	Parameter m bound to: 32 - type: integer 
INFO: [Synth 8-3491] module 'Sincronizador' declared at 'C:/Users/izana/Documents/GitHub/SEA/practica2/practica2.srcs/sources_1/imports/new/Sincronizador.vhd:24' bound to instance 'Sincronizador_ce' of component 'Sincronizador' [C:/Users/izana/Documents/GitHub/SEA/practica2/practica2.srcs/sources_1/new/top.vhd:69]
	Parameter n bound to: 3 - type: integer 
INFO: [Synth 8-3491] module 'registro' declared at 'C:/Users/izana/Documents/GitHub/SEA/practica2/practica2.srcs/sources_1/new/registro.vhd:27' bound to instance 'FSM' of component 'registro' [C:/Users/izana/Documents/GitHub/SEA/practica2/practica2.srcs/sources_1/new/top.vhd:101]
INFO: [Synth 8-638] synthesizing module 'registro' [C:/Users/izana/Documents/GitHub/SEA/practica2/practica2.srcs/sources_1/new/registro.vhd:40]
	Parameter n bound to: 3 - type: integer 
WARNING: [Synth 8-614] signal 'cke' is read in the process but is not in the sensitivity list [C:/Users/izana/Documents/GitHub/SEA/practica2/practica2.srcs/sources_1/new/registro.vhd:97]
INFO: [Synth 8-256] done synthesizing module 'registro' (0#1) [C:/Users/izana/Documents/GitHub/SEA/practica2/practica2.srcs/sources_1/new/registro.vhd:40]
INFO: [Synth 8-256] done synthesizing module 'top' (0#1) [C:/Users/izana/Documents/GitHub/SEA/practica2/practica2.srcs/sources_1/new/top.vhd:36]
---------------------------------------------------------------------------------
Finished RTL Elaboration : Time (s): cpu = 00:00:09 ; elapsed = 00:00:13 . Memory (MB): peak = 1275.090 ; gain = 0.000
---------------------------------------------------------------------------------
---------------------------------------------------------------------------------
Start Handling Custom Attributes
---------------------------------------------------------------------------------
---------------------------------------------------------------------------------
Finished Handling Custom Attributes : Time (s): cpu = 00:00:09 ; elapsed = 00:00:13 . Memory (MB): peak = 1275.090 ; gain = 0.000
---------------------------------------------------------------------------------
---------------------------------------------------------------------------------
Finished RTL Optimization Phase 1 : Time (s): cpu = 00:00:09 ; elapsed = 00:00:13 . Memory (MB): peak = 1275.090 ; gain = 0.000
---------------------------------------------------------------------------------
Netlist sorting complete. Time (s): cpu = 00:00:00 ; elapsed = 00:00:00.001 . Memory (MB): peak = 1275.090 ; gain = 0.000
INFO: [Project 1-570] Preparing netlist for logic optimization

Processing XDC Constraints
Initializing timing engine
Parsing XDC File [C:/Users/izana/Documents/GitHub/SEA/practica2/practica2.srcs/constrs_1/imports/Templates/ZYBO_MASTER.xdc]
Finished Parsing XDC File [C:/Users/izana/Documents/GitHub/SEA/practica2/practica2.srcs/constrs_1/imports/Templates/ZYBO_MASTER.xdc]
INFO: [Project 1-236] Implementation specific constraints were found while reading constraint file [C:/Users/izana/Documents/GitHub/SEA/practica2/practica2.srcs/constrs_1/imports/Templates/ZYBO_MASTER.xdc]. These constraints will be ignored for synthesis but will be used in implementation. Impacted constraints are listed in the file [.Xil/top_propImpl.xdc].
Resolution: To avoid this warning, move constraints listed in [.Xil/top_propImpl.xdc] to another XDC file and exclude this new file from synthesis with the used_in_synthesis property (File Properties dialog in GUI) and re-run elaboration/synthesis.
Completed Processing XDC Constraints

Netlist sorting complete. Time (s): cpu = 00:00:00 ; elapsed = 00:00:00.001 . Memory (MB): peak = 1275.090 ; gain = 0.000
INFO: [Project 1-111] Unisim Transformation Summary:
No Unisim elements were transformed.

Constraint Validation Runtime : Time (s): cpu = 00:00:00 ; elapsed = 00:00:00.051 . Memory (MB): peak = 1275.090 ; gain = 0.000
INFO: [Designutils 20-5440] No compile time benefit to using incremental synthesis; A full resynthesis will be run
INFO: [Designutils 20-4379] Flow is switching to default flow due to incremental criteria not met. If you would like to alter this behaviour and have the flow terminate instead, please set the following parameter config_implementation {autoIncr.Synth.RejectBehavior Terminate}
---------------------------------------------------------------------------------
Finished Constraint Validation : Time (s): cpu = 00:00:19 ; elapsed = 00:00:26 . Memory (MB): peak = 1275.090 ; gain = 0.000
---------------------------------------------------------------------------------
---------------------------------------------------------------------------------
Start Loading Part and Timing Information
---------------------------------------------------------------------------------
Loading part: xc7z010clg400-1
---------------------------------------------------------------------------------
Finished Loading Part and Timing Information : Time (s): cpu = 00:00:19 ; elapsed = 00:00:26 . Memory (MB): peak = 1275.090 ; gain = 0.000
---------------------------------------------------------------------------------
---------------------------------------------------------------------------------
Start Applying 'set_property' XDC Constraints
---------------------------------------------------------------------------------
---------------------------------------------------------------------------------
Finished applying 'set_property' XDC Constraints : Time (s): cpu = 00:00:19 ; elapsed = 00:00:26 . Memory (MB): peak = 1275.090 ; gain = 0.000
---------------------------------------------------------------------------------
INFO: [Synth 8-802] inferred FSM for state register 'EA_reg' in module 'CKE_Gen'
---------------------------------------------------------------------------------------------------
                   State |                     New Encoding |                Previous Encoding 
---------------------------------------------------------------------------------------------------
                     e_1 |                               00 |                               00
                     e_2 |                               01 |                               01
                     e_3 |                               10 |                               10
---------------------------------------------------------------------------------------------------
INFO: [Synth 8-3354] encoded FSM with state register 'EA_reg' using encoding 'sequential' in module 'CKE_Gen'
---------------------------------------------------------------------------------
Finished RTL Optimization Phase 2 : Time (s): cpu = 00:00:19 ; elapsed = 00:00:26 . Memory (MB): peak = 1275.090 ; gain = 0.000
---------------------------------------------------------------------------------
---------------------------------------------------------------------------------
Start RTL Component Statistics 
---------------------------------------------------------------------------------
Detailed RTL Component Info : 
+---XORs : 
	   2 Input      3 Bit         XORs := 1     
	   3 Input      3 Bit         XORs := 2     
+---Registers : 
	               32 Bit    Registers := 2     
	                3 Bit    Registers := 1     
+---Muxes : 
	   4 Input    3 Bit        Muxes := 1     
	   2 Input    3 Bit        Muxes := 2     
	   3 Input    2 Bit        Muxes := 2     
	   2 Input    2 Bit        Muxes := 4     
	   3 Input    1 Bit        Muxes := 2     
	   6 Input    1 Bit        Muxes := 1     
---------------------------------------------------------------------------------
Finished RTL Component Statistics 
---------------------------------------------------------------------------------
---------------------------------------------------------------------------------
Start Part Resource Summary
---------------------------------------------------------------------------------
Part Resources:
DSPs: 80 (col length:40)
BRAMs: 120 (col length: RAMB18 40 RAMB36 20)
---------------------------------------------------------------------------------
Finished Part Resource Summary
---------------------------------------------------------------------------------
---------------------------------------------------------------------------------
Start Cross Boundary and Area Optimization
---------------------------------------------------------------------------------
WARNING: [Synth 8-7080] Parallel synthesis criteria is not met
---------------------------------------------------------------------------------
Finished Cross Boundary and Area Optimization : Time (s): cpu = 00:00:21 ; elapsed = 00:00:29 . Memory (MB): peak = 1275.090 ; gain = 0.000
---------------------------------------------------------------------------------
---------------------------------------------------------------------------------
Start Applying XDC Timing Constraints
---------------------------------------------------------------------------------
---------------------------------------------------------------------------------
Finished Applying XDC Timing Constraints : Time (s): cpu = 00:00:29 ; elapsed = 00:00:37 . Memory (MB): peak = 1275.090 ; gain = 0.000
---------------------------------------------------------------------------------
---------------------------------------------------------------------------------
Start Timing Optimization
---------------------------------------------------------------------------------
---------------------------------------------------------------------------------
Finished Timing Optimization : Time (s): cpu = 00:00:29 ; elapsed = 00:00:38 . Memory (MB): peak = 1275.090 ; gain = 0.000
---------------------------------------------------------------------------------
---------------------------------------------------------------------------------
Start Technology Mapping
---------------------------------------------------------------------------------
---------------------------------------------------------------------------------
Finished Technology Mapping : Time (s): cpu = 00:00:29 ; elapsed = 00:00:38 . Memory (MB): peak = 1275.090 ; gain = 0.000
---------------------------------------------------------------------------------
---------------------------------------------------------------------------------
Start IO Insertion
---------------------------------------------------------------------------------
---------------------------------------------------------------------------------
Start Flattening Before IO Insertion
---------------------------------------------------------------------------------
---------------------------------------------------------------------------------
Finished Flattening Before IO Insertion
---------------------------------------------------------------------------------
---------------------------------------------------------------------------------
Start Final Netlist Cleanup
---------------------------------------------------------------------------------
---------------------------------------------------------------------------------
Finished Final Netlist Cleanup
---------------------------------------------------------------------------------
---------------------------------------------------------------------------------
Finished IO Insertion : Time (s): cpu = 00:00:36 ; elapsed = 00:00:44 . Memory (MB): peak = 1275.090 ; gain = 0.000
---------------------------------------------------------------------------------
---------------------------------------------------------------------------------
Start Renaming Generated Instances
---------------------------------------------------------------------------------
---------------------------------------------------------------------------------
Finished Renaming Generated Instances : Time (s): cpu = 00:00:36 ; elapsed = 00:00:44 . Memory (MB): peak = 1275.090 ; gain = 0.000
---------------------------------------------------------------------------------
---------------------------------------------------------------------------------
Start Rebuilding User Hierarchy
---------------------------------------------------------------------------------
---------------------------------------------------------------------------------
Finished Rebuilding User Hierarchy : Time (s): cpu = 00:00:36 ; elapsed = 00:00:44 . Memory (MB): peak = 1275.090 ; gain = 0.000
---------------------------------------------------------------------------------
---------------------------------------------------------------------------------
Start Renaming Generated Ports
---------------------------------------------------------------------------------
---------------------------------------------------------------------------------
Finished Renaming Generated Ports : Time (s): cpu = 00:00:36 ; elapsed = 00:00:44 . Memory (MB): peak = 1275.090 ; gain = 0.000
---------------------------------------------------------------------------------
---------------------------------------------------------------------------------
Start Handling Custom Attributes
---------------------------------------------------------------------------------
---------------------------------------------------------------------------------
Finished Handling Custom Attributes : Time (s): cpu = 00:00:36 ; elapsed = 00:00:44 . Memory (MB): peak = 1275.090 ; gain = 0.000
---------------------------------------------------------------------------------
---------------------------------------------------------------------------------
Start Renaming Generated Nets
---------------------------------------------------------------------------------
---------------------------------------------------------------------------------
Finished Renaming Generated Nets : Time (s): cpu = 00:00:36 ; elapsed = 00:00:44 . Memory (MB): peak = 1275.090 ; gain = 0.000
---------------------------------------------------------------------------------
---------------------------------------------------------------------------------
Start Writing Synthesis Report
---------------------------------------------------------------------------------

Report BlackBoxes: 
+-+--------------+----------+
| |BlackBox name |Instances |
+-+--------------+----------+
+-+--------------+----------+

Report Cell Usage: 
+------+-----+------+
|      |Cell |Count |
+------+-----+------+
|1     |BUFG |     1|
|2     |LUT2 |     1|
|3     |LUT3 |     4|
|4     |LUT5 |     3|
|5     |LUT6 |     3|
|6     |FDCE |     3|
|7     |FDRE |     4|
|8     |IBUF |     9|
|9     |OBUF |     3|
+------+-----+------+
---------------------------------------------------------------------------------
Finished Writing Synthesis Report : Time (s): cpu = 00:00:36 ; elapsed = 00:00:44 . Memory (MB): peak = 1275.090 ; gain = 0.000
---------------------------------------------------------------------------------
Synthesis finished with 0 errors, 0 critical warnings and 1 warnings.
Synthesis Optimization Runtime : Time (s): cpu = 00:00:25 ; elapsed = 00:00:40 . Memory (MB): peak = 1275.090 ; gain = 0.000
Synthesis Optimization Complete : Time (s): cpu = 00:00:36 ; elapsed = 00:00:44 . Memory (MB): peak = 1275.090 ; gain = 0.000
INFO: [Project 1-571] Translating synthesized netlist
Netlist sorting complete. Time (s): cpu = 00:00:00 ; elapsed = 00:00:00 . Memory (MB): peak = 1275.090 ; gain = 0.000
INFO: [Project 1-570] Preparing netlist for logic optimization
INFO: [Opt 31-138] Pushed 0 inverter(s) to 0 load pin(s).
Netlist sorting complete. Time (s): cpu = 00:00:00 ; elapsed = 00:00:00.001 . Memory (MB): peak = 1275.090 ; gain = 0.000
INFO: [Project 1-111] Unisim Transformation Summary:
No Unisim elements were transformed.

Synth Design complete, checksum: 2f574339
INFO: [Common 17-83] Releasing license: Synthesis
39 Infos, 2 Warnings, 0 Critical Warnings and 0 Errors encountered.
synth_design completed successfully
synth_design: Time (s): cpu = 00:00:42 ; elapsed = 00:00:57 . Memory (MB): peak = 1275.090 ; gain = 0.000
INFO: [Common 17-1381] The checkpoint 'C:/Users/izana/Documents/GitHub/SEA/practica2/practica2.runs/synth_1/top.dcp' has been generated.
INFO: [runtcl-4] Executing : report_utilization -file top_utilization_synth.rpt -pb top_utilization_synth.pb
INFO: [Common 17-206] Exiting Vivado at Wed Jan 11 15:58:18 2023...
